# JRE version: Java(TM) SE Runtime Environment (8.0_101-b13) (build 1.8.0_101-b13)
# Java VM: Java HotSpot(TM) 64-Bit Server VM (25.101-b13 mixed mode windows-amd64 compressed oops)
Heap:
 PSYoungGen      total 141312K, used 74290K [0x00000000eaf00000, 0x00000000f4400000, 0x0000000100000000)
  eden space 131072K, 56% used [0x00000000eaf00000,0x00000000ef78cb38,0x00000000f2f00000)
  from space 10240K, 0% used [0x00000000f3a00000,0x00000000f3a00000,0x00000000f4400000)
  to   space 10752K, 0% used [0x00000000f2f00000,0x00000000f2f00000,0x00000000f3980000)
 ParOldGen       total 48640K, used 15480K [0x00000000c0c00000, 0x00000000c3b80000, 0x00000000eaf00000)
  object space 48640K, 31% used [0x00000000c0c00000,0x00000000c1b1e040,0x00000000c3b80000)
 Metaspace       used 24883K, capacity 25486K, committed 25600K, reserved 1071104K
  class space    used 3020K, capacity 3216K, committed 3328K, reserved 1048576K
GC Heap History (10 events):
Event: 2.262 GC heap before
{Heap before GC invocations=3 (full 0):
 PSYoungGen      total 35328K, used 35305K [0x00000000eaf00000, 0x00000000ed400000, 0x0000000100000000)
  eden space 32768K, 100% used [0x00000000eaf00000,0x00000000ecf00000,0x00000000ecf00000)
  from space 2560K, 99% used [0x00000000ed180000,0x00000000ed3fa400,0x00000000ed400000)
  to   space 2560K, 0% used [0x00000000ecf00000,0x00000000ecf00000,0x00000000ed180000)
 ParOldGen       total 44032K, used 695K [0x00000000c0c00000, 0x00000000c3700000, 0x00000000eaf00000)
  object space 44032K, 1% used [0x00000000c0c00000,0x00000000c0cadf18,0x00000000c3700000)
 Metaspace       used 12124K, capacity 12378K, committed 12672K, reserved 1060864K
  class space    used 1491K, capacity 1546K, committed 1664K, reserved 1048576K
Event: 2.277 GC heap after
Heap after GC invocations=3 (full 0):
 PSYoungGen      total 35328K, used 2560K [0x00000000eaf00000, 0x00000000ef400000, 0x0000000100000000)
  eden space 32768K, 0% used [0x00000000eaf00000,0x00000000eaf00000,0x00000000ecf00000)
  from space 2560K, 100% used [0x00000000ecf00000,0x00000000ed180000,0x00000000ed180000)
  to   space 2560K, 0% used [0x00000000ef180000,0x00000000ef180000,0x00000000ef400000)
 ParOldGen       total 44032K, used 5060K [0x00000000c0c00000, 0x00000000c3700000, 0x00000000eaf00000)
  object space 44032K, 11% used [0x00000000c0c00000,0x00000000c10f1198,0x00000000c3700000)
 Metaspace       used 12124K, capacity 12378K, committed 12672K, reserved 1060864K
  class space    used 1491K, capacity 1546K, committed 1664K, reserved 1048576K
}
Event: 2.857 GC heap before
{Heap before GC invocations=4 (full 0):
 PSYoungGen      total 35328K, used 35328K [0x00000000eaf00000, 0x00000000ef400000, 0x0000000100000000)
  eden space 32768K, 100% used [0x00000000eaf00000,0x00000000ecf00000,0x00000000ecf00000)
  from space 2560K, 100% used [0x00000000ecf00000,0x00000000ed180000,0x00000000ed180000)
  to   space 2560K, 0% used [0x00000000ef180000,0x00000000ef180000,0x00000000ef400000)
 ParOldGen       total 44032K, used 5060K [0x00000000c0c00000, 0x00000000c3700000, 0x00000000eaf00000)
  object space 44032K, 11% used [0x00000000c0c00000,0x00000000c10f1198,0x00000000c3700000)
 Metaspace       used 12875K, capacity 13096K, committed 13184K, reserved 1060864K
  class space    used 1573K, capacity 1651K, committed 1664K, reserved 1048576K
Event: 2.879 GC heap after
Heap after GC invocations=4 (full 0):
 PSYoungGen      total 68096K, used 2544K [0x00000000eaf00000, 0x00000000ef400000, 0x0000000100000000)
  eden space 65536K, 0% used [0x00000000eaf00000,0x00000000eaf00000,0x00000000eef00000)
  from space 2560K, 99% used [0x00000000ef180000,0x00000000ef3fc010,0x00000000ef400000)
  to   space 2560K, 0% used [0x00000000eef00000,0x00000000eef00000,0x00000000ef180000)
 ParOldGen       total 44032K, used 7296K [0x00000000c0c00000, 0x00000000c3700000, 0x00000000eaf00000)
  object space 44032K, 16% used [0x00000000c0c00000,0x00000000c1320278,0x00000000c3700000)
 Metaspace       used 12875K, capacity 13096K, committed 13184K, reserved 1060864K
  class space    used 1573K, capacity 1651K, committed 1664K, reserved 1048576K
}
Event: 4.088 GC heap before
{Heap before GC invocations=5 (full 0):
 PSYoungGen      total 68096K, used 68080K [0x00000000eaf00000, 0x00000000ef400000, 0x0000000100000000)
  eden space 65536K, 100% used [0x00000000eaf00000,0x00000000eef00000,0x00000000eef00000)
  from space 2560K, 99% used [0x00000000ef180000,0x00000000ef3fc010,0x00000000ef400000)
  to   space 2560K, 0% used [0x00000000eef00000,0x00000000eef00000,0x00000000ef180000)
 ParOldGen       total 44032K, used 7296K [0x00000000c0c00000, 0x00000000c3700000, 0x00000000eaf00000)
  object space 44032K, 16% used [0x00000000c0c00000,0x00000000c1320278,0x00000000c3700000)
 Metaspace       used 17659K, capacity 18052K, committed 18176K, reserved 1064960K
  class space    used 2164K, capacity 2287K, committed 2304K, reserved 1048576K
Event: 4.168 GC heap after
Heap after GC invocations=5 (full 0):
 PSYoungGen      total 68096K, used 2560K [0x00000000eaf00000, 0x00000000f4500000, 0x0000000100000000)
  eden space 65536K, 0% used [0x00000000eaf00000,0x00000000eaf00000,0x00000000eef00000)
  from space 2560K, 100% used [0x00000000eef00000,0x00000000ef180000,0x00000000ef180000)
  to   space 11264K, 0% used [0x00000000f3a00000,0x00000000f3a00000,0x00000000f4500000)
 ParOldGen       total 44032K, used 15936K [0x00000000c0c00000, 0x00000000c3700000, 0x00000000eaf00000)
  object space 44032K, 36% used [0x00000000c0c00000,0x00000000c1b90110,0x00000000c3700000)
 Metaspace       used 17659K, capacity 18052K, committed 18176K, reserved 1064960K
  class space    used 2164K, capacity 2287K, committed 2304K, reserved 1048576K
}
Event: 4.936 GC heap before
{Heap before GC invocations=6 (full 0):
 PSYoungGen      total 68096K, used 30114K [0x00000000eaf00000, 0x00000000f4500000, 0x0000000100000000)
  eden space 65536K, 42% used [0x00000000eaf00000,0x00000000ec9e8bc8,0x00000000eef00000)
  from space 2560K, 100% used [0x00000000eef00000,0x00000000ef180000,0x00000000ef180000)
  to   space 11264K, 0% used [0x00000000f3a00000,0x00000000f3a00000,0x00000000f4500000)
 ParOldGen       total 44032K, used 15936K [0x00000000c0c00000, 0x00000000c3700000, 0x00000000eaf00000)
  object space 44032K, 36% used [0x00000000c0c00000,0x00000000c1b90110,0x00000000c3700000)
 Metaspace       used 20647K, capacity 21198K, committed 21296K, reserved 1069056K
  class space    used 2514K, capacity 2647K, committed 2688K, reserved 1048576K
Event: 4.956 GC heap after
Heap after GC invocations=6 (full 0):
 PSYoungGen      total 141312K, used 5255K [0x00000000eaf00000, 0x00000000f4400000, 0x0000000100000000)
  eden space 131072K, 0% used [0x00000000eaf00000,0x00000000eaf00000,0x00000000f2f00000)
  from space 10240K, 51% used [0x00000000f3a00000,0x00000000f3f21db8,0x00000000f4400000)
  to   space 10752K, 0% used [0x00000000f2f00000,0x00000000f2f00000,0x00000000f3980000)
 ParOldGen       total 44032K, used 15944K [0x00000000c0c00000, 0x00000000c3700000, 0x00000000eaf00000)
  object space 44032K, 36% used [0x00000000c0c00000,0x00000000c1b92110,0x00000000c3700000)
 Metaspace       used 20647K, capacity 21198K, committed 21296K, reserved 1069056K
  class space    used 2514K, capacity 2647K, committed 2688K, reserved 1048576K
}
Event: 4.956 GC heap before
{Heap before GC invocations=7 (full 1):
 PSYoungGen      total 141312K, used 5255K [0x00000000eaf00000, 0x00000000f4400000, 0x0000000100000000)
  eden space 131072K, 0% used [0x00000000eaf00000,0x00000000eaf00000,0x00000000f2f00000)
  from space 10240K, 51% used [0x00000000f3a00000,0x00000000f3f21db8,0x00000000f4400000)
  to   space 10752K, 0% used [0x00000000f2f00000,0x00000000f2f00000,0x00000000f3980000)
 ParOldGen       total 44032K, used 15944K [0x00000000c0c00000, 0x00000000c3700000, 0x00000000eaf00000)
  object space 44032K, 36% used [0x00000000c0c00000,0x00000000c1b92110,0x00000000c3700000)
 Metaspace       used 20647K, capacity 21198K, committed 21296K, reserved 1069056K
  class space    used 2514K, capacity 2647K, committed 2688K, reserved 1048576K
Event: 5.096 GC heap after
Heap after GC invocations=7 (full 1):
 PSYoungGen      total 141312K, used 0K [0x00000000eaf00000, 0x00000000f4400000, 0x0000000100000000)
  eden space 131072K, 0% used [0x00000000eaf00000,0x00000000eaf00000,0x00000000f2f00000)
  from space 10240K, 0% used [0x00000000f3a00000,0x00000000f3a00000,0x00000000f4400000)
  to   space 10752K, 0% used [0x00000000f2f00000,0x00000000f2f00000,0x00000000f3980000)
 ParOldGen       total 48640K, used 15480K [0x00000000c0c00000, 0x00000000c3b80000, 0x00000000eaf00000)
  object space 48640K, 31% used [0x00000000c0c00000,0x00000000c1b1e040,0x00000000c3b80000)
 Metaspace       used 20647K, capacity 21198K, committed 21296K, reserved 1069056K
  class space    used 2514K, capacity 2647K, committed 2688K, reserved 1048576K
}

